
/home/runner/work/exp-cement-mortar-cubes-dei/exp-cement-mortar-cubes-dei/experiment/simulation/js/main.js
     2:10  warning  'step2' is defined but never used       no-unused-vars
    10:10  warning  'moveplate' is defined but never used   no-unused-vars
    16:5   warning  'myTimeout' is not defined              no-undef
    19:10  warning  'moveplate1' is defined but never used  no-unused-vars
    25:5   warning  'myTimeout1' is not defined             no-undef
    29:10  warning  'moveplate2' is defined but never used  no-unused-vars
    35:5   warning  'myTimeout2' is not defined             no-undef
    38:10  warning  'moveplate3' is defined but never used  no-unused-vars
    43:5   warning  'myTimeout3' is not defined             no-undef
    56:18  warning  'myTimeout' is not defined              no-undef
    69:18  warning  'myTimeout1' is not defined             no-undef
    82:18  warning  'myTimeout2' is not defined             no-undef
    94:18  warning  'myTimeout3' is not defined             no-undef
    99:10  warning  'step3' is defined but never used       no-unused-vars
   114:5   warning  'myTimeout4' is not defined             no-undef
   123:18  warning  'myTimeout4' is not defined             no-undef
   129:10  warning  'step4' is defined but never used       no-unused-vars
   137:5   warning  Unexpected 'debugger' statement         no-debugger
   143:5   warning  'myTimeout5' is not defined             no-undef
   167:10  warning  'tunnu' is defined but never used       no-unused-vars
   176:9   warning  'myTimeout6' is not defined             no-undef
   192:18  warning  'myTimeout5' is not defined             no-undef
   202:18  warning  'myTimeout6' is not defined             no-undef
   210:10  warning  'step5' is defined but never used       no-unused-vars
   220:10  warning  'funst5' is defined but never used      no-unused-vars
   225:5   warning  'myTimeout7' is not defined             no-undef
   234:18  warning  'myTimeout7' is not defined             no-undef
   239:10  warning  'step6' is defined but never used       no-unused-vars
   249:10  warning  'funst6' is defined but never used      no-unused-vars
   254:5   warning  'myTimeout8' is not defined             no-undef
   263:18  warning  'myTimeout8' is not defined             no-undef
   270:10  warning  'step7' is defined but never used       no-unused-vars
   280:10  warning  'funst7' is defined but never used      no-unused-vars
   285:5   warning  'myTimeout9' is not defined             no-undef
   294:18  warning  'myTimeout9' is not defined             no-undef
   299:10  warning  'step8' is defined but never used       no-unused-vars
   309:10  warning  'funst8' is defined but never used      no-unused-vars
   314:5   warning  'myTimeout10' is not defined            no-undef
   323:18  warning  'myTimeout10' is not defined            no-undef
   328:10  warning  'step9' is defined but never used       no-unused-vars
   338:10  warning  'funst9' is defined but never used      no-unused-vars
   343:5   warning  'myTimeout11' is not defined            no-undef
   352:18  warning  'myTimeout11' is not defined            no-undef
   357:10  warning  'step10' is defined but never used      no-unused-vars
   367:10  warning  'funst10' is defined but never used     no-unused-vars
   372:5   warning  'myTimeout12' is not defined            no-undef
   381:18  warning  'myTimeout12' is not defined            no-undef
   386:10  warning  'step11' is defined but never used      no-unused-vars
   400:10  warning  'agesizeIn' is defined but never used   no-unused-vars
   462:10  warning  'step12' is defined but never used      no-unused-vars
   472:10  warning  'cube1' is defined but never used       no-unused-vars
   491:10  warning  'cube2' is defined but never used       no-unused-vars
   509:10  warning  'cube3' is defined but never used       no-unused-vars
   526:10  warning  'cube4' is defined but never used       no-unused-vars
   543:10  warning  'cube5' is defined but never used       no-unused-vars
   561:10  warning  'cube6' is defined but never used       no-unused-vars
   580:5   warning  Unexpected 'debugger' statement         no-debugger
   590:10  warning  'step13' is defined but never used      no-unused-vars
   615:10  warning  'cube9' is defined but never used       no-unused-vars
   625:10  warning  'cube8' is defined but never used       no-unused-vars
   635:10  warning  'cube7' is defined but never used       no-unused-vars
   644:10  warning  'cloth' is defined but never used       no-unused-vars
   648:5   warning  'myTimeout14' is not defined            no-undef
   669:18  warning  'myTimeout14' is not defined            no-undef
   673:10  warning  'step14' is defined but never used      no-unused-vars
   703:10  warning  'newGif1' is defined but never used     no-unused-vars
   711:5   warning  'mytime' is not defined                 no-undef
   719:21  warning  'mytime' is not defined                 no-undef
   723:12  warning  'newGif2' is defined but never used     no-unused-vars
   729:5   warning  'newTimeout15' is not defined           no-undef
   739:18  warning  'newTimeout15' is not defined           no-undef
   743:12  warning  'newGif3' is defined but never used     no-unused-vars
   748:5   warning  'newTimeout16' is not defined           no-undef
   758:18  warning  'newTimeout16' is not defined           no-undef
   761:12  warning  'newStep1' is defined but never used    no-unused-vars
   772:12  warning  'newGif4' is defined but never used     no-unused-vars
   778:5   warning  'mytime' is not defined                 no-undef
   786:21  warning  'mytime' is not defined                 no-undef
   790:12  warning  'newGif5' is defined but never used     no-unused-vars
   798:5   warning  'newTimeout17' is not defined           no-undef
   808:18  warning  'newTimeout17' is not defined           no-undef
   811:12  warning  'newGif6' is defined but never used     no-unused-vars
   815:5   warning  'newTimeout18' is not defined           no-undef
   825:18  warning  'newTimeout18' is not defined           no-undef
   828:12  warning  'newStep2' is defined but never used    no-unused-vars
   838:12  warning  'newGif7' is defined but never used     no-unused-vars
   844:5   warning  'mytime' is not defined                 no-undef
   852:21  warning  'mytime' is not defined                 no-undef
   856:12  warning  'newGif8' is defined but never used     no-unused-vars
   864:5   warning  'newTimeout19' is not defined           no-undef
   874:18  warning  'newTimeout19' is not defined           no-undef
   877:12  warning  'newGif9' is defined but never used     no-unused-vars
   881:5   warning  'newTimeout20' is not defined           no-undef
   891:19  warning  'newTimeout20' is not defined           no-undef
   894:10  warning  'step15' is defined but never used      no-unused-vars
   929:10  warning  'cube12' is defined but never used      no-unused-vars
   938:10  warning  'cube11' is defined but never used      no-unused-vars
   947:10  warning  'cube10' is defined but never used      no-unused-vars
   955:10  warning  'cloth2' is defined but never used      no-unused-vars
   959:5   warning  'newTimeout21' is not defined           no-undef
   967:10  warning  'step16' is defined but never used      no-unused-vars
   996:10  warning  'newGif10' is defined but never used    no-unused-vars
  1001:5   warning  'mytime' is not defined                 no-undef
  1008:21  warning  'mytime' is not defined                 no-undef
  1012:12  warning  'newGif11' is defined but never used    no-unused-vars
  1017:5   warning  '_newTimeout21' is not defined          no-undef
  1027:18  warning  '_newTimeout21' is not defined          no-undef
  1031:12  warning  'newGif12' is defined but never used    no-unused-vars
  1035:5   warning  '_newTimeout22' is not defined          no-undef
  1045:18  warning  '_newTimeout22' is not defined          no-undef
  1048:12  warning  'newStep4' is defined but never used    no-unused-vars
  1059:12  warning  'newGif13' is defined but never used    no-unused-vars
  1065:5   warning  'mytime' is not defined                 no-undef
  1072:21  warning  'mytime' is not defined                 no-undef
  1076:12  warning  'newGif14' is defined but never used    no-unused-vars
  1082:5   warning  '_newTimeout23' is not defined          no-undef
  1092:18  warning  '_newTimeout23' is not defined          no-undef
  1095:12  warning  'newGif15' is defined but never used    no-unused-vars
  1099:5   warning  '_newTimeout24' is not defined          no-undef
  1109:18  warning  '_newTimeout24' is not defined          no-undef
  1112:12  warning  'newStep5' is defined but never used    no-unused-vars
  1122:12  warning  'newGif16' is defined but never used    no-unused-vars
  1128:5   warning  'mytime' is not defined                 no-undef
  1135:21  warning  'mytime' is not defined                 no-undef
  1139:12  warning  'newGif17' is defined but never used    no-unused-vars
  1146:5   warning  '_newTimeout25' is not defined          no-undef
  1156:18  warning  '_newTimeout25' is not defined          no-undef
  1159:12  warning  'newGif18' is defined but never used    no-unused-vars
  1164:5   warning  '_newTimeout26' is not defined          no-undef
  1174:19  warning  '_newTimeout26' is not defined          no-undef
  1177:12  warning  'step17' is defined but never used      no-unused-vars
  1206:12  warning  'step18' is defined but never used      no-unused-vars

✖ 132 problems (0 errors, 132 warnings)

